"../../../Engine/Content/EditorResources/S_Actor.ubulk" 0
"../../../Engine/Content/EditorResources/S_Actor.uasset" 1
"../../../Engine/Content/EditorResources/S_Actor.uexp" 2
"../../../Engine/Content/EditorResources/S_BoxReflectionCapture.uasset" 3
"../../../Engine/Content/EditorResources/S_BoxReflectionCapture.uexp" 4
"../../../Engine/Content/EngineResources/DefaultTexture.ubulk" 5
"../../../Engine/Content/EngineResources/DefaultTexture.uasset" 6
"../../../Engine/Content/EngineResources/DefaultTexture.uexp" 7
"../../../Engine/Content/EngineResources/DefaultTextureCube.uasset" 8
"../../../Engine/Content/EngineResources/DefaultTextureCube.uexp" 9
"../../../Engine/Content/EngineResources/DefaultVolumeTexture2D.uasset" 10
"../../../Engine/Content/EngineResources/DefaultVolumeTexture2D.uexp" 11
"../../../Engine/Content/EngineResources/DefaultVolumeTexture.uasset" 12
"../../../Engine/Content/EngineResources/DefaultVolumeTexture.uexp" 13
"../../../Engine/Content/EditorResources/S_Trigger.ubulk" 14
"../../../Engine/Content/EditorResources/S_Trigger.uasset" 15
"../../../Engine/Content/EditorResources/S_Trigger.uexp" 16
"../../../Engine/Content/EditorResources/S_TriggerBox.uasset" 17
"../../../Engine/Content/EditorResources/S_TriggerBox.uexp" 18
"../../../Engine/Content/EditorResources/S_TriggerCapsule.uasset" 19
"../../../Engine/Content/EditorResources/S_TriggerCapsule.uexp" 20
"../../../Engine/Content/EditorResources/S_TriggerSphere.uasset" 21
"../../../Engine/Content/EditorResources/S_TriggerSphere.uexp" 22
"../../../Engine/Content/EngineMeshes/Sphere.ubulk" 23
"../../../Engine/Content/EngineMeshes/Sphere.uasset" 24
"../../../Engine/Content/EngineMeshes/Sphere.uexp" 25
"../../../Engine/Content/EngineResources/GradientTexture0.uasset" 26
"../../../Engine/Content/EngineResources/GradientTexture0.uexp" 27
"../../../Engine/Content/EngineResources/Black.uasset" 28
"../../../Engine/Content/EngineResources/Black.uexp" 29
"../../../Engine/Content/VREditor/LaserPointer/VR_LaserPower_01.ubulk" 30
"../../../Engine/Content/VREditor/LaserPointer/VR_LaserPower_01.uasset" 31
"../../../Engine/Content/VREditor/LaserPointer/VR_LaserPower_01.uexp" 32
"../../../Engine/Content/VREditor/TransformGizmo/TransformGizmoMaterial.uasset" 33
"../../../Engine/Content/VREditor/TransformGizmo/TransformGizmoMaterial.uexp" 34
"../../../Engine/Content/VREditor/TransformGizmo/TranslucentTransformGizmoMaterial.uasset" 35
"../../../Engine/Content/VREditor/TransformGizmo/TranslucentTransformGizmoMaterial.uexp" 36
"../../../Engine/Content/VREditor/TransformGizmo/PlaneTranslationHandle.ubulk" 37
"../../../Engine/Content/VREditor/TransformGizmo/PlaneTranslationHandle.uasset" 38
"../../../Engine/Content/VREditor/TransformGizmo/PlaneTranslationHandle.uexp" 39
"../../../Engine/Content/VREditor/TransformGizmo/BoundingBoxCorner.ubulk" 40
"../../../Engine/Content/VREditor/TransformGizmo/BoundingBoxCorner.uasset" 41
"../../../Engine/Content/VREditor/TransformGizmo/BoundingBoxCorner.uexp" 42
"../../../Engine/Content/VREditor/TransformGizmo/BoundingBoxEdge.ubulk" 43
"../../../Engine/Content/VREditor/TransformGizmo/BoundingBoxEdge.uasset" 44
"../../../Engine/Content/VREditor/TransformGizmo/BoundingBoxEdge.uexp" 45
"../../../Engine/Content/VREditor/TransformGizmo/Main.uasset" 46
"../../../Engine/Content/VREditor/TransformGizmo/Main.uexp" 47
"../../../Engine/Content/VREditor/TransformGizmo/Xray.uasset" 48
"../../../Engine/Content/VREditor/TransformGizmo/Xray.uexp" 49
"../../../Engine/Content/VREditor/TransformGizmo/SM_Sequencer_Node.ubulk" 50
"../../../Engine/Content/VREditor/TransformGizmo/SM_Sequencer_Node.uasset" 51
"../../../Engine/Content/VREditor/TransformGizmo/SM_Sequencer_Node.uexp" 52
"../../../Engine/Content/EditorMaterials/Camera/CineMat.uasset" 53
"../../../Engine/Content/EditorMaterials/Camera/CineMat.uexp" 54
"../../../Engine/Content/EditorMaterials/Camera/MI_CineMat_Rig.uasset" 55
"../../../Engine/Content/EditorMaterials/Camera/MI_CineMat_Rig.uexp" 56
"../../../Engine/Content/EditorMeshes/Camera/SM_CraneRig_Base.ubulk" 57
"../../../Engine/Content/EditorMeshes/Camera/SM_CraneRig_Base.uasset" 58
"../../../Engine/Content/EditorMeshes/Camera/SM_CraneRig_Base.uexp" 59
"../../../Engine/Content/EditorMeshes/Camera/SM_CraneRig_Arm.ubulk" 60
"../../../Engine/Content/EditorMeshes/Camera/SM_CraneRig_Arm.uasset" 61
"../../../Engine/Content/EditorMeshes/Camera/SM_CraneRig_Arm.uexp" 62
"../../../Engine/Content/EditorMeshes/Camera/SM_CraneRig_Mount.ubulk" 63
"../../../Engine/Content/EditorMeshes/Camera/SM_CraneRig_Mount.uasset" 64
"../../../Engine/Content/EditorMeshes/Camera/SM_CraneRig_Mount.uexp" 65
"../../../Engine/Content/EditorMeshes/Camera/SM_CraneRig_Body.ubulk" 66
"../../../Engine/Content/EditorMeshes/Camera/SM_CraneRig_Body.uasset" 67
"../../../Engine/Content/EditorMeshes/Camera/SM_CraneRig_Body.uexp" 68
"../../../Engine/Content/EditorMeshes/Camera/SM_RailRig_Track.ubulk" 69
"../../../Engine/Content/EditorMeshes/Camera/SM_RailRig_Track.uasset" 70
"../../../Engine/Content/EditorMeshes/Camera/SM_RailRig_Track.uexp" 71
"../../../Engine/Content/EditorMeshes/Camera/SM_RailRig_Mount.ubulk" 72
"../../../Engine/Content/EditorMeshes/Camera/SM_RailRig_Mount.uasset" 73
"../../../Engine/Content/EditorMeshes/Camera/SM_RailRig_Mount.uexp" 74
"../../../Engine/Content/EngineMaterials/T_Default_Material_Grid_M.ubulk" 75
"../../../Engine/Content/EngineMaterials/T_Default_Material_Grid_M.uasset" 76
"../../../Engine/Content/EngineMaterials/T_Default_Material_Grid_M.uexp" 77
"../../../Engine/Content/EngineMaterials/T_Default_Material_Grid_N.ubulk" 78
"../../../Engine/Content/EngineMaterials/T_Default_Material_Grid_N.uasset" 79
"../../../Engine/Content/EngineMaterials/T_Default_Material_Grid_N.uexp" 80
"../../../Engine/Content/Functions/Engine_MaterialFunctions01/Opacity/CameraDepthFade.uasset" 81
"../../../Engine/Content/Functions/Engine_MaterialFunctions01/Opacity/CameraDepthFade.uexp" 82
"../../../Engine/Content/EngineMaterials/WorldGridMaterial.uasset" 83
"../../../Engine/Content/EngineMaterials/WorldGridMaterial.uexp" 84
"../../../Engine/Content/ArtTools/RenderToTexture/Meshes/S_1_Unit_Plane.ubulk" 85
"../../../Engine/Content/ArtTools/RenderToTexture/Meshes/S_1_Unit_Plane.uasset" 86
"../../../Engine/Content/ArtTools/RenderToTexture/Meshes/S_1_Unit_Plane.uexp" 87
"../../../Engine/Content/EditorMaterials/ParticleSystems/PSysThumbnail_NoImage.ubulk" 88
"../../../Engine/Content/EditorMaterials/ParticleSystems/PSysThumbnail_NoImage.uasset" 89
"../../../Engine/Content/EditorMaterials/ParticleSystems/PSysThumbnail_NoImage.uexp" 90
"../../../Engine/Content/EditorMaterials/ParticleSystems/PSysThumbnail_OOD.ubulk" 91
"../../../Engine/Content/EditorMaterials/ParticleSystems/PSysThumbnail_OOD.uasset" 92
"../../../Engine/Content/EditorMaterials/ParticleSystems/PSysThumbnail_OOD.uexp" 93
"../../../Engine/Content/EditorLandscapeResources/SplineEditorMeshMat.uasset" 94
"../../../Engine/Content/EditorLandscapeResources/SplineEditorMeshMat.uexp" 95
"../../../Engine/Content/EditorLandscapeResources/SplineEditorMesh.ubulk" 96
"../../../Engine/Content/EditorLandscapeResources/SplineEditorMesh.uasset" 97
"../../../Engine/Content/EditorLandscapeResources/SplineEditorMesh.uexp" 98
"../../../Engine/Content/EditorResources/S_Solver.ubulk" 99
"../../../Engine/Content/EditorResources/S_Solver.uasset" 100
"../../../Engine/Content/EditorResources/S_Solver.uexp" 101
"../../../Engine/Plugins/Media/MediaPlate/Content/SM_MediaPlateScreen.ubulk" 102
"../../../Engine/Plugins/Media/MediaPlate/Content/SM_MediaPlateScreen.uasset" 103
"../../../Engine/Plugins/Media/MediaPlate/Content/SM_MediaPlateScreen.uexp" 104
"../../../Engine/Content/EngineMaterials/Good64x64TilingNoiseHighFreq.uasset" 105
"../../../Engine/Content/EngineMaterials/Good64x64TilingNoiseHighFreq.uexp" 106
"../../../Engine/Content/EngineMaterials/DefaultBokeh.uasset" 107
"../../../Engine/Content/EngineMaterials/DefaultBokeh.uexp" 108
"../../../Engine/Content/EngineMaterials/PreintegratedSkinBRDF.uasset" 109
"../../../Engine/Content/EngineMaterials/PreintegratedSkinBRDF.uexp" 110
"../../../Engine/Content/EngineMaterials/MiniFont.uasset" 111
"../../../Engine/Content/EngineMaterials/MiniFont.uexp" 112
"../../../Engine/Content/EngineMaterials/WeightMapPlaceholderTexture.uasset" 113
"../../../Engine/Content/EngineMaterials/WeightMapPlaceholderTexture.uexp" 114
"../../../Engine/Content/EngineMaterials/DefaultWhiteGrid.ubulk" 115
"../../../Engine/Content/EngineMaterials/DefaultWhiteGrid.uasset" 116
"../../../Engine/Content/EngineMaterials/DefaultWhiteGrid.uexp" 117
"../../../Engine/Plugins/2D/Paper2D/Content/PlaceholderTextures/DummySpriteTexture.ubulk" 118
"../../../Engine/Plugins/2D/Paper2D/Content/PlaceholderTextures/DummySpriteTexture.uasset" 119
"../../../Engine/Plugins/2D/Paper2D/Content/PlaceholderTextures/DummySpriteTexture.uexp" 120
"../../../Engine/Plugins/2D/Paper2D/Content/DefaultSpriteMaterial.uasset" 121
"../../../Engine/Plugins/2D/Paper2D/Content/DefaultSpriteMaterial.uexp" 122
"../../../Engine/Plugins/2D/Paper2D/Content/OpaqueUnlitSpriteMaterial.uasset" 123
"../../../Engine/Plugins/2D/Paper2D/Content/OpaqueUnlitSpriteMaterial.uexp" 124
"../../../Engine/Plugins/2D/Paper2D/Content/MaskedUnlitSpriteMaterial.uasset" 125
"../../../Engine/Plugins/2D/Paper2D/Content/MaskedUnlitSpriteMaterial.uexp" 126
"../../../Engine/Plugins/2D/Paper2D/Content/DummySprite.uasset" 127
"../../../Engine/Plugins/2D/Paper2D/Content/DummySprite.uexp" 128
"../../../Engine/Plugins/2D/Paper2D/Content/DefaultPaperTerrainMaterial.uasset" 129
"../../../Engine/Plugins/2D/Paper2D/Content/DefaultPaperTerrainMaterial.uexp" 130
"../../../Engine/Content/Functions/Engine_MaterialFunctions02/WorldPositionOffset/CameraOffset.uasset" 131
"../../../Engine/Content/Functions/Engine_MaterialFunctions02/WorldPositionOffset/CameraOffset.uexp" 132
"../../../Engine/Plugins/Animation/ControlRig/Content/M_Manip.uasset" 133
"../../../Engine/Plugins/Animation/ControlRig/Content/M_Manip.uexp" 134
"../../../Engine/Content/Animation/DefaultRecorderBoneCompression.uasset" 135
"../../../Engine/Content/Animation/DefaultRecorderBoneCompression.uexp" 136
"../../../Engine/Content/Animation/DefaultAnimCurveCompressionSettings.uasset" 137
"../../../Engine/Content/Animation/DefaultAnimCurveCompressionSettings.uexp" 138
"../../../Engine/Content/Animation/DefaultAnimBoneCompressionSettings.uasset" 139
"../../../Engine/Content/Animation/DefaultAnimBoneCompressionSettings.uexp" 140
"../../../Engine/Content/EditorLandscapeResources/DefaultAlphaTexture.uasset" 141
"../../../Engine/Content/EditorLandscapeResources/DefaultAlphaTexture.uexp" 142
"../../../Engine/Content/EditorLandscapeResources/DataLayer.uasset" 143
"../../../Engine/Content/EditorLandscapeResources/DataLayer.uexp" 144
"../../../Engine/Content/EngineResources/WhiteSquareTexture.uasset" 145
"../../../Engine/Content/EngineResources/WhiteSquareTexture.uexp" 146
"../../../Engine/Content/EngineMaterials/Widget3DPassThrough.uasset" 147
"../../../Engine/Content/EngineMaterials/Widget3DPassThrough.uexp" 148
"../../../Engine/Content/EngineMaterials/Widget3DPassThrough_Translucent.uasset" 149
"../../../Engine/Content/EngineMaterials/Widget3DPassThrough_Translucent.uexp" 150
"../../../Engine/Content/EngineMaterials/Widget3DPassThrough_Translucent_OneSided.uasset" 151
"../../../Engine/Content/EngineMaterials/Widget3DPassThrough_Translucent_OneSided.uexp" 152
"../../../Engine/Content/EngineMaterials/Widget3DPassThrough_Opaque.uasset" 153
"../../../Engine/Content/EngineMaterials/Widget3DPassThrough_Opaque.uexp" 154
"../../../Engine/Content/EngineMaterials/Widget3DPassThrough_Opaque_OneSided.uasset" 155
"../../../Engine/Content/EngineMaterials/Widget3DPassThrough_Opaque_OneSided.uexp" 156
"../../../Engine/Content/EngineMaterials/Widget3DPassThrough_Masked_OneSided.uasset" 157
"../../../Engine/Content/EngineMaterials/Widget3DPassThrough_Masked_OneSided.uexp" 158
"../../../Engine/Content/EngineMaterials/Widget3DPassThrough_Masked.uasset" 159
"../../../Engine/Content/EngineMaterials/Widget3DPassThrough_Masked.uexp" 160
"../../../Engine/Content/EngineMaterials/STBlueNoise_vec2_128x128x64.uasset" 161
"../../../Engine/Content/EngineMaterials/STBlueNoise_vec2_128x128x64.uexp" 162
"../../../Engine/Content/EngineMaterials/STBlueNoise_scalar_128x128x64.uasset" 163
"../../../Engine/Content/EngineMaterials/STBlueNoise_scalar_128x128x64.uexp" 164
"../../../Engine/Plugins/Editor/SpeedTreeImporter/Content/SpeedTree9/game_wind_noise.ubulk" 165
"../../../Engine/Plugins/Editor/SpeedTreeImporter/Content/SpeedTree9/game_wind_noise.uasset" 166
"../../../Engine/Plugins/Editor/SpeedTreeImporter/Content/SpeedTree9/game_wind_noise.uexp" 167
"../../../Engine/Plugins/Editor/SpeedTreeImporter/Content/SpeedTree9/UnpackDirection.uasset" 168
"../../../Engine/Plugins/Editor/SpeedTreeImporter/Content/SpeedTree9/UnpackDirection.uexp" 169
"../../../Engine/Content/Functions/Engine_MaterialFunctions02/ObjectLocalBounds.uasset" 170
"../../../Engine/Content/Functions/Engine_MaterialFunctions02/ObjectLocalBounds.uexp" 171
"../../../Engine/Content/Functions/Engine_MaterialFunctions02/Utility/BreakOutFloat3Components.uasset" 172
"../../../Engine/Content/Functions/Engine_MaterialFunctions02/Utility/BreakOutFloat3Components.uexp" 173
"../../../Engine/Content/Functions/Engine_MaterialFunctions02/UVs/BoundingBoxBased_0-1_UVW.uasset" 174
"../../../Engine/Content/Functions/Engine_MaterialFunctions02/UVs/BoundingBoxBased_0-1_UVW.uexp" 175
"../../../Engine/Content/Functions/Engine_MaterialFunctions02/Utility/VectorLength.uasset" 176
"../../../Engine/Content/Functions/Engine_MaterialFunctions02/Utility/VectorLength.uexp" 177
"../../../Engine/Plugins/Editor/SpeedTreeImporter/Content/SpeedTree9/UnpackInteger3.uasset" 178
"../../../Engine/Plugins/Editor/SpeedTreeImporter/Content/SpeedTree9/UnpackInteger3.uexp" 179
"../../../Engine/Plugins/Editor/SpeedTreeImporter/Content/SpeedTree9/SpeedTreeCameraFacing.uasset" 180
"../../../Engine/Plugins/Editor/SpeedTreeImporter/Content/SpeedTree9/SpeedTreeCameraFacing.uexp" 181
"../../../Engine/Content/Functions/Engine_MaterialFunctions02/WorldPositionOffset/ObjectScale.uasset" 182
"../../../Engine/Content/Functions/Engine_MaterialFunctions02/WorldPositionOffset/ObjectScale.uexp" 183
"../../../Engine/Content/Functions/Engine_MaterialFunctions02/SafeNormalize.uasset" 184
"../../../Engine/Content/Functions/Engine_MaterialFunctions02/SafeNormalize.uexp" 185
"../../../Engine/Plugins/Editor/SpeedTreeImporter/Content/SpeedTree9/SpeedTreeWindMotion.uasset" 186
"../../../Engine/Plugins/Editor/SpeedTreeImporter/Content/SpeedTree9/SpeedTreeWindMotion.uexp" 187
"../../../Engine/Plugins/Editor/SpeedTreeImporter/Content/SpeedTree9/SpeedTreeBranchMotion.uasset" 188
"../../../Engine/Plugins/Editor/SpeedTreeImporter/Content/SpeedTree9/SpeedTreeBranchMotion.uexp" 189
"../../../Engine/Plugins/Editor/SpeedTreeImporter/Content/SpeedTree9/SpeedTreeWind.uasset" 190
"../../../Engine/Plugins/Editor/SpeedTreeImporter/Content/SpeedTree9/SpeedTreeWind.uexp" 191
"../../../Engine/Plugins/Editor/SpeedTreeImporter/Content/SpeedTree9/EmptyNormal.uasset" 192
"../../../Engine/Plugins/Editor/SpeedTreeImporter/Content/SpeedTree9/EmptyNormal.uexp" 193
"../../../Engine/Plugins/Editor/SpeedTreeImporter/Content/SpeedTree9/Empty.uasset" 194
"../../../Engine/Plugins/Editor/SpeedTreeImporter/Content/SpeedTree9/Empty.uexp" 195
"../../../Engine/Plugins/Editor/SpeedTreeImporter/Content/SpeedTree9/SpeedTreeMaster.uasset" 196
"../../../Engine/Plugins/Editor/SpeedTreeImporter/Content/SpeedTree9/SpeedTreeMaster.uexp" 197
"../../../Engine/Plugins/Editor/SpeedTreeImporter/Content/SpeedTree9/SpeedTreeBillboard.uasset" 198
"../../../Engine/Plugins/Editor/SpeedTreeImporter/Content/SpeedTree9/SpeedTreeBillboard.uexp" 199
"../../../Engine/Plugins/Editor/SpeedTreeImporter/Content/SpeedTree9/SpeedTreeBillboardMaster.uasset" 200
"../../../Engine/Plugins/Editor/SpeedTreeImporter/Content/SpeedTree9/SpeedTreeBillboardMaster.uexp" 201
"../../../Engine/Plugins/Runtime/MeshModelingToolset/Content/Materials/M_DynamicMeshComponentVtxColor.uasset" 202
"../../../Engine/Plugins/Runtime/MeshModelingToolset/Content/Materials/M_DynamicMeshComponentVtxColor.uexp" 203
"../../../Engine/Plugins/Interchange/Runtime/Content/Pipelines/DefaultTexturePipeline.uasset" 204
"../../../Engine/Plugins/Interchange/Runtime/Content/Pipelines/DefaultTexturePipeline.uexp" 205
"../../../Engine/Plugins/Interchange/Runtime/Content/Pipelines/DefaultSceneLevelPipeline.uasset" 206
"../../../Engine/Plugins/Interchange/Runtime/Content/Pipelines/DefaultSceneLevelPipeline.uexp" 207
"../../../Engine/Plugins/Interchange/Runtime/Content/Pipelines/DefaultSceneAssetsPipeline.uasset" 208
"../../../Engine/Plugins/Interchange/Runtime/Content/Pipelines/DefaultSceneAssetsPipeline.uexp" 209
"../../../Engine/Plugins/Interchange/Runtime/Content/Pipelines/DefaultMaterialPipeline.uasset" 210
"../../../Engine/Plugins/Interchange/Runtime/Content/Pipelines/DefaultMaterialPipeline.uexp" 211
"../../../Engine/Plugins/Interchange/Runtime/Content/Pipelines/DefaultAssetsPipeline.uasset" 212
"../../../Engine/Plugins/Interchange/Runtime/Content/Pipelines/DefaultAssetsPipeline.uexp" 213
"C:/Users/JayBi/Documents/Game Dev/projects/Unreal Projects/Interactive_Explorer/Content/Blueprints/BP_Test.uasset" 214
"C:/Users/JayBi/Documents/Game Dev/projects/Unreal Projects/Interactive_Explorer/Content/Blueprints/BP_Test.uexp" 215
"C:/Users/JayBi/Documents/Game Dev/projects/Unreal Projects/Interactive_Explorer/Content/Input/Actions/IA_Interact.uasset" 216
"C:/Users/JayBi/Documents/Game Dev/projects/Unreal Projects/Interactive_Explorer/Content/Input/Actions/IA_Interact.uexp" 217
"C:/Users/JayBi/Documents/Game Dev/projects/Unreal Projects/Interactive_Explorer/Content/Input/Contexts/IMC_Interation.uasset" 218
"C:/Users/JayBi/Documents/Game Dev/projects/Unreal Projects/Interactive_Explorer/Content/Input/Contexts/IMC_Interation.uexp" 219
"../../../Engine/Content/BasicShapes/Cube.ubulk" 220
"../../../Engine/Content/BasicShapes/Cube.uasset" 221
"../../../Engine/Content/BasicShapes/Cube.uexp" 222
"C:/Users/JayBi/Documents/Game Dev/projects/Unreal Projects/Interactive_Explorer/Content/Blueprints/BPI_Interactable.uasset" 223
"C:/Users/JayBi/Documents/Game Dev/projects/Unreal Projects/Interactive_Explorer/Content/Blueprints/BPI_Interactable.uexp" 224
"C:/Users/JayBi/Documents/Game Dev/projects/Unreal Projects/Interactive_Explorer/Content/Blueprints/BP_HealthComponent.uasset" 225
"C:/Users/JayBi/Documents/Game Dev/projects/Unreal Projects/Interactive_Explorer/Content/Blueprints/BP_HealthComponent.uexp" 226
"../../../Engine/Content/BasicShapes/BasicShapeMaterial.uasset" 227
"../../../Engine/Content/BasicShapes/BasicShapeMaterial.uexp" 228
"C:/Users/JayBi/Documents/Game Dev/projects/Unreal Projects/Interactive_Explorer/Content/Input/Actions/IA_Move.uasset" 229
"C:/Users/JayBi/Documents/Game Dev/projects/Unreal Projects/Interactive_Explorer/Content/Input/Actions/IA_Move.uexp" 230
"C:/Users/JayBi/Documents/Game Dev/projects/Unreal Projects/Interactive_Explorer/Content/Blueprints/BPI_Destructible.uasset" 231
"C:/Users/JayBi/Documents/Game Dev/projects/Unreal Projects/Interactive_Explorer/Content/Blueprints/BPI_Destructible.uexp" 232
"C:/Users/JayBi/Documents/Game Dev/projects/Unreal Projects/Interactive_Explorer/Content/Blueprints/BP_IcoCharacter.uasset" 233
"C:/Users/JayBi/Documents/Game Dev/projects/Unreal Projects/Interactive_Explorer/Content/Blueprints/BP_IcoCharacter.uexp" 234
"../../../Engine/Content/EditorBlueprintResources/StandardMacros.uasset" 235
"../../../Engine/Content/EditorBlueprintResources/StandardMacros.uexp" 236
"C:/Users/JayBi/Documents/Game Dev/projects/Unreal Projects/Interactive_Explorer/Content/UI/WBP_HUD.uasset" 237
"C:/Users/JayBi/Documents/Game Dev/projects/Unreal Projects/Interactive_Explorer/Content/UI/WBP_HUD.uexp" 238
"C:/Users/JayBi/Documents/Game Dev/projects/Unreal Projects/Interactive_Explorer/Content/Input/Contexts/IMC_IcoMovement.uasset" 239
"C:/Users/JayBi/Documents/Game Dev/projects/Unreal Projects/Interactive_Explorer/Content/Input/Contexts/IMC_IcoMovement.uexp" 240
"C:/Users/JayBi/Documents/Game Dev/projects/Unreal Projects/Interactive_Explorer/Content/Blueprints/BP_IcoCharacterController.uasset" 241
"C:/Users/JayBi/Documents/Game Dev/projects/Unreal Projects/Interactive_Explorer/Content/Blueprints/BP_IcoCharacterController.uexp" 242
"C:/Users/JayBi/Documents/Game Dev/projects/Unreal Projects/Interactive_Explorer/Content/UI/WBP_GameOverScreen.uasset" 243
"C:/Users/JayBi/Documents/Game Dev/projects/Unreal Projects/Interactive_Explorer/Content/UI/WBP_GameOverScreen.uexp" 244
"../../../Engine/Plugins/FX/Niagara/Content/Enums/ENiagaraSphereDistributionMode.uasset" 245
"../../../Engine/Plugins/FX/Niagara/Content/Enums/ENiagaraSphereDistributionMode.uexp" 246
"../../../Engine/Plugins/FX/Niagara/Content/Enums/ENiagaraTorusDistributionMode.uasset" 247
"../../../Engine/Plugins/FX/Niagara/Content/Enums/ENiagaraTorusDistributionMode.uexp" 248
"../../../Engine/Plugins/FX/Niagara/Content/Enums/ENiagaraRandomnessMode.uasset" 249
"../../../Engine/Plugins/FX/Niagara/Content/Enums/ENiagaraRandomnessMode.uexp" 250
"../../../Engine/Plugins/FX/Niagara/Content/Enums/ENiagaraRandomnessEvaluation.uasset" 251
"../../../Engine/Plugins/FX/Niagara/Content/Enums/ENiagaraRandomnessEvaluation.uexp" 252
"../../../Engine/Plugins/FX/Niagara/Content/Enums/Location/ENiagara_LocationShapes.uasset" 253
"../../../Engine/Plugins/FX/Niagara/Content/Enums/Location/ENiagara_LocationShapes.uexp" 254
"../../../Engine/Plugins/FX/Niagara/Content/Enums/ENiagara_MassInitializationMode.uasset" 255
"../../../Engine/Plugins/FX/Niagara/Content/Enums/ENiagara_MassInitializationMode.uexp" 256
"../../../Engine/Plugins/FX/Niagara/Content/Enums/Location/ENiagara_CylinderMode.uasset" 257
"../../../Engine/Plugins/FX/Niagara/Content/Enums/Location/ENiagara_CylinderMode.uexp" 258
"../../../Engine/Plugins/FX/Niagara/Content/DefaultAssets/DefaultSpriteMaterial.uasset" 259
"../../../Engine/Plugins/FX/Niagara/Content/DefaultAssets/DefaultSpriteMaterial.uexp" 260
"../../../Engine/Plugins/FX/Niagara/Content/Enums/ENiagara_PositionInitializationMode.uasset" 261
"../../../Engine/Plugins/FX/Niagara/Content/Enums/ENiagara_PositionInitializationMode.uexp" 262
"../../../Engine/Plugins/FX/Niagara/Content/Icons/Modules/T_Icon_Solver_LimitSpeed.uasset" 263
"../../../Engine/Plugins/FX/Niagara/Content/Icons/Modules/T_Icon_Solver_LimitSpeed.uexp" 264
"../../../Engine/Plugins/FX/Niagara/Content/Icons/Modules/T_Icon_Solver_RotationalSolve.uasset" 265
"../../../Engine/Plugins/FX/Niagara/Content/Icons/Modules/T_Icon_Solver_RotationalSolve.uexp" 266
"../../../Engine/Plugins/FX/Niagara/Content/Icons/Modules/T_Icon_Solver_LimitAccel.uasset" 267
"../../../Engine/Plugins/FX/Niagara/Content/Icons/Modules/T_Icon_Solver_LimitAccel.uexp" 268
"../../../Engine/Plugins/FX/Niagara/Content/Enums/ENiagaraScaleColorMode.uasset" 269
"../../../Engine/Plugins/FX/Niagara/Content/Enums/ENiagaraScaleColorMode.uexp" 270
"../../../Engine/Plugins/FX/Niagara/Content/Enums/ENiagara_SizeScaleMode.uasset" 271
"../../../Engine/Plugins/FX/Niagara/Content/Enums/ENiagara_SizeScaleMode.uexp" 272
"../../../Engine/Plugins/FX/Niagara/Content/Enums/ENiagara_UVFlippingMode.uasset" 273
"../../../Engine/Plugins/FX/Niagara/Content/Enums/ENiagara_UVFlippingMode.uexp" 274
"../../../Engine/Plugins/FX/Niagara/Content/Enums/Ribbons/ENiagara_UnsetDirectSetRandom.uasset" 275
"../../../Engine/Plugins/FX/Niagara/Content/Enums/Ribbons/ENiagara_UnsetDirectSetRandom.uexp" 276
"../../../Engine/Plugins/FX/Niagara/Content/Enums/ENiagara_LifetimeMode.uasset" 277
"../../../Engine/Plugins/FX/Niagara/Content/Enums/ENiagara_LifetimeMode.uexp" 278
"../../../Engine/Plugins/FX/Niagara/Content/Enums/Ribbons/ENiagara_UnsetDirectSet.uasset" 279
"../../../Engine/Plugins/FX/Niagara/Content/Enums/Ribbons/ENiagara_UnsetDirectSet.uexp" 280
"../../../Engine/Plugins/FX/Niagara/Content/Enums/ENiagara_SpriteRotationMode.uasset" 281
"../../../Engine/Plugins/FX/Niagara/Content/Enums/ENiagara_SpriteRotationMode.uexp" 282
"../../../Engine/Plugins/FX/Niagara/Content/Enums/ENiagara_ColorInitializationMode.uasset" 283
"../../../Engine/Plugins/FX/Niagara/Content/Enums/ENiagara_ColorInitializationMode.uexp" 284
"../../../Engine/Plugins/FX/Niagara/Content/Enums/ENiagaraChannelCorrelation.uasset" 285
"../../../Engine/Plugins/FX/Niagara/Content/Enums/ENiagaraChannelCorrelation.uexp" 286
"../../../Engine/Plugins/FX/Niagara/Content/Enums/Transforms/ENiagara_ScaleMode.uasset" 287
"../../../Engine/Plugins/FX/Niagara/Content/Enums/Transforms/ENiagara_ScaleMode.uexp" 288
"../../../Engine/Plugins/FX/Niagara/Content/Enums/Angles/ENiagara_AngleInput.uasset" 289
"../../../Engine/Plugins/FX/Niagara/Content/Enums/Angles/ENiagara_AngleInput.uexp" 290
"../../../Engine/Plugins/FX/Niagara/Content/Enums/Utility/ENiagara_VelocityMode.uasset" 291
"../../../Engine/Plugins/FX/Niagara/Content/Enums/Utility/ENiagara_VelocityMode.uexp" 292
"../../../Engine/Plugins/FX/Niagara/Content/Enums/Transforms/ENiagara_RotationMode.uasset" 293
"../../../Engine/Plugins/FX/Niagara/Content/Enums/Transforms/ENiagara_RotationMode.uexp" 294
"../../../Engine/Plugins/FX/Niagara/Content/Enums/ENiagaraEmitterLifeCycleMode.uasset" 295
"../../../Engine/Plugins/FX/Niagara/Content/Enums/ENiagaraEmitterLifeCycleMode.uexp" 296
"../../../Engine/Plugins/FX/Niagara/Content/Enums/ENiagara_InfiniteLoopDuration.uasset" 297
"../../../Engine/Plugins/FX/Niagara/Content/Enums/ENiagara_InfiniteLoopDuration.uexp" 298
"../../../Engine/Plugins/FX/Niagara/Content/Enums/ENiagara_EmitterStateOptions.uasset" 299
"../../../Engine/Plugins/FX/Niagara/Content/Enums/ENiagara_EmitterStateOptions.uexp" 300
"../../../Engine/Plugins/FX/Niagara/Content/Enums/ENiagaraInactiveMode.uasset" 301
"../../../Engine/Plugins/FX/Niagara/Content/Enums/ENiagaraInactiveMode.uexp" 302
"../../../Engine/Plugins/FX/Niagara/Content/Enums/ENiagaraExecutionStateManagement.uasset" 303
"../../../Engine/Plugins/FX/Niagara/Content/Enums/ENiagaraExecutionStateManagement.uexp" 304
"../../../Engine/Plugins/FX/Niagara/Content/Enums/ENiagaraEmitterScalabilityMode_Limited.uasset" 305
"../../../Engine/Plugins/FX/Niagara/Content/Enums/ENiagaraEmitterScalabilityMode_Limited.uexp" 306
"../../../Engine/Plugins/FX/Niagara/Content/Enums/Location/ENiagara_ConeMode.uasset" 307
"../../../Engine/Plugins/FX/Niagara/Content/Enums/Location/ENiagara_ConeMode.uexp" 308
"../../../Engine/Plugins/FX/Niagara/Content/Enums/ENiagaraSystemInactiveMode.uasset" 309
"../../../Engine/Plugins/FX/Niagara/Content/Enums/ENiagaraSystemInactiveMode.uexp" 310
"../../../Engine/Plugins/FX/Niagara/Content/Enums/ENiagara_AttributeSamplingApplyOutput.uasset" 311
"../../../Engine/Plugins/FX/Niagara/Content/Enums/ENiagara_AttributeSamplingApplyOutput.uexp" 312
"../../../Engine/Plugins/FX/Niagara/Content/Enums/Transforms/ENiagara_OffsetMode.uasset" 313
"../../../Engine/Plugins/FX/Niagara/Content/Enums/Transforms/ENiagara_OffsetMode.uexp" 314
"../../../Engine/Plugins/FX/Niagara/Content/Enums/Location/ENiagara_BoxPlaneMode.uasset" 315
"../../../Engine/Plugins/FX/Niagara/Content/Enums/Location/ENiagara_BoxPlaneMode.uexp" 316
"../../../Engine/Plugins/FX/Niagara/Content/Enums/Transforms/ENiagara_TransformOrder.uasset" 317
"../../../Engine/Plugins/FX/Niagara/Content/Enums/Transforms/ENiagara_TransformOrder.uexp" 318
"../../../Engine/Plugins/FX/Niagara/Content/Enums/Location/ENiagaraRingDiscMode.uasset" 319
"../../../Engine/Plugins/FX/Niagara/Content/Enums/Location/ENiagaraRingDiscMode.uexp" 320
"../../../Engine/Plugins/FX/Niagara/Content/Enums/ENiagaraShapeTorusMode.uasset" 321
"../../../Engine/Plugins/FX/Niagara/Content/Enums/ENiagaraShapeTorusMode.uexp" 322
"../../../Engine/Plugins/FX/Niagara/Content/Enums/ENiagaraExpansionMode.uasset" 323
"../../../Engine/Plugins/FX/Niagara/Content/Enums/ENiagaraExpansionMode.uexp" 324
"../../../Engine/Plugins/FX/Niagara/Content/Enums/Transforms/ENiagara_TransformType.uasset" 325
"../../../Engine/Plugins/FX/Niagara/Content/Enums/Transforms/ENiagara_TransformType.uexp" 326
"../../../Engine/Plugins/FX/Niagara/Content/Icons/Modules/T_Icon_Particle_InfiniteLife.uasset" 327
"../../../Engine/Plugins/FX/Niagara/Content/Icons/Modules/T_Icon_Particle_InfiniteLife.uexp" 328
"../../../Engine/Plugins/FX/Niagara/Content/Enums/SpriteRenderer/ENiagara_ScaleSpriteSize.uasset" 329
"../../../Engine/Plugins/FX/Niagara/Content/Enums/SpriteRenderer/ENiagara_ScaleSpriteSize.uexp" 330
"C:/Users/JayBi/Documents/Game Dev/projects/Unreal Projects/Interactive_Explorer/Content/Effects/NPE_Explosion.uasset" 331
"C:/Users/JayBi/Documents/Game Dev/projects/Unreal Projects/Interactive_Explorer/Content/Effects/NPE_Explosion.uexp" 332
"C:/Users/JayBi/Documents/Game Dev/projects/Unreal Projects/Interactive_Explorer/Content/Blueprints/BP_Gamemode_InteractiveExplorer.uasset" 333
"C:/Users/JayBi/Documents/Game Dev/projects/Unreal Projects/Interactive_Explorer/Content/Blueprints/BP_Gamemode_InteractiveExplorer.uexp" 334
"../../../Engine/Plugins/Animation/ControlRig/Content/Controls/DefaultGizmoLibraryNormalized.uasset" 335
"../../../Engine/Plugins/Animation/ControlRig/Content/Controls/DefaultGizmoLibraryNormalized.uexp" 336
"../../../Engine/Plugins/Animation/ControlRig/Content/Controls/ControlRig_Wedge_solid.ubulk" 337
"../../../Engine/Plugins/Animation/ControlRig/Content/Controls/ControlRig_Wedge_solid.uasset" 338
"../../../Engine/Plugins/Animation/ControlRig/Content/Controls/ControlRig_Wedge_solid.uexp" 339
"../../../Engine/Plugins/Animation/ControlRig/Content/Controls/ControlRig_Wedge_3mm.ubulk" 340
"../../../Engine/Plugins/Animation/ControlRig/Content/Controls/ControlRig_Wedge_3mm.uasset" 341
"../../../Engine/Plugins/Animation/ControlRig/Content/Controls/ControlRig_Wedge_3mm.uexp" 342
"../../../Engine/Plugins/Animation/ControlRig/Content/Controls/ControlRig_Wedge_1mm.ubulk" 343
"../../../Engine/Plugins/Animation/ControlRig/Content/Controls/ControlRig_Wedge_1mm.uasset" 344
"../../../Engine/Plugins/Animation/ControlRig/Content/Controls/ControlRig_Wedge_1mm.uexp" 345
"../../../Engine/Plugins/Animation/ControlRig/Content/Controls/ControlRig_Triangle_solid.ubulk" 346
"../../../Engine/Plugins/Animation/ControlRig/Content/Controls/ControlRig_Triangle_solid.uasset" 347
"../../../Engine/Plugins/Animation/ControlRig/Content/Controls/ControlRig_Triangle_solid.uexp" 348
"../../../Engine/Plugins/Animation/ControlRig/Content/Controls/ControlRig_Triangle_3mm.ubulk" 349
"../../../Engine/Plugins/Animation/ControlRig/Content/Controls/ControlRig_Triangle_3mm.uasset" 350
"../../../Engine/Plugins/Animation/ControlRig/Content/Controls/ControlRig_Triangle_3mm.uexp" 351
"../../../Engine/Plugins/Animation/ControlRig/Content/Controls/ControlRig_Triangle_1mm.ubulk" 352
"../../../Engine/Plugins/Animation/ControlRig/Content/Controls/ControlRig_Triangle_1mm.uasset" 353
"../../../Engine/Plugins/Animation/ControlRig/Content/Controls/ControlRig_Triangle_1mm.uexp" 354
"../../../Engine/Plugins/Animation/ControlRig/Content/Controls/ControlRig_Star4_solid.ubulk" 355
"../../../Engine/Plugins/Animation/ControlRig/Content/Controls/ControlRig_Star4_solid.uasset" 356
"../../../Engine/Plugins/Animation/ControlRig/Content/Controls/ControlRig_Star4_solid.uexp" 357
"../../../Engine/Plugins/Animation/ControlRig/Content/Controls/ControlRig_Star4_3mm.ubulk" 358
"../../../Engine/Plugins/Animation/ControlRig/Content/Controls/ControlRig_Star4_3mm.uasset" 359
"../../../Engine/Plugins/Animation/ControlRig/Content/Controls/ControlRig_Star4_3mm.uexp" 360
"../../../Engine/Plugins/Animation/ControlRig/Content/Controls/ControlRig_Star4_1mm.ubulk" 361
"../../../Engine/Plugins/Animation/ControlRig/Content/Controls/ControlRig_Star4_1mm.uasset" 362
"../../../Engine/Plugins/Animation/ControlRig/Content/Controls/ControlRig_Star4_1mm.uexp" 363
"../../../Engine/Plugins/Animation/ControlRig/Content/Controls/ControlRig_Square_solid.ubulk" 364
"../../../Engine/Plugins/Animation/ControlRig/Content/Controls/ControlRig_Square_solid.uasset" 365
"../../../Engine/Plugins/Animation/ControlRig/Content/Controls/ControlRig_Square_solid.uexp" 366
"../../../Engine/Plugins/Animation/ControlRig/Content/Controls/ControlRig_Square_3mm.ubulk" 367
"../../../Engine/Plugins/Animation/ControlRig/Content/Controls/ControlRig_Square_3mm.uasset" 368
"../../../Engine/Plugins/Animation/ControlRig/Content/Controls/ControlRig_Square_3mm.uexp" 369
"../../../Engine/Plugins/Animation/ControlRig/Content/Controls/ControlRig_Square_1mm.ubulk" 370
"../../../Engine/Plugins/Animation/ControlRig/Content/Controls/ControlRig_Square_1mm.uasset" 371
"../../../Engine/Plugins/Animation/ControlRig/Content/Controls/ControlRig_Square_1mm.uexp" 372
"../../../Engine/Plugins/Animation/ControlRig/Content/Controls/ControlRig_Sphere_solid.ubulk" 373
"../../../Engine/Plugins/Animation/ControlRig/Content/Controls/ControlRig_Sphere_solid.uasset" 374
"../../../Engine/Plugins/Animation/ControlRig/Content/Controls/ControlRig_Sphere_solid.uexp" 375
"../../../Engine/Plugins/Animation/ControlRig/Content/Controls/ControlRig_Sphere_3mm.ubulk" 376
"../../../Engine/Plugins/Animation/ControlRig/Content/Controls/ControlRig_Sphere_3mm.uasset" 377
"../../../Engine/Plugins/Animation/ControlRig/Content/Controls/ControlRig_Sphere_3mm.uexp" 378
"../../../Engine/Plugins/Animation/ControlRig/Content/Controls/ControlRig_Sphere_1mm.ubulk" 379
"../../../Engine/Plugins/Animation/ControlRig/Content/Controls/ControlRig_Sphere_1mm.uasset" 380
"../../../Engine/Plugins/Animation/ControlRig/Content/Controls/ControlRig_Sphere_1mm.uexp" 381
"../../../Engine/Plugins/Animation/ControlRig/Content/Controls/ControlRig_RoundedTriangle_solid.ubulk" 382
"../../../Engine/Plugins/Animation/ControlRig/Content/Controls/ControlRig_RoundedTriangle_solid.uasset" 383
"../../../Engine/Plugins/Animation/ControlRig/Content/Controls/ControlRig_RoundedTriangle_solid.uexp" 384
"../../../Engine/Plugins/Animation/ControlRig/Content/Controls/ControlRig_RoundedTriangle_3mm.ubulk" 385
"../../../Engine/Plugins/Animation/ControlRig/Content/Controls/ControlRig_RoundedTriangle_3mm.uasset" 386
"../../../Engine/Plugins/Animation/ControlRig/Content/Controls/ControlRig_RoundedTriangle_3mm.uexp" 387
"../../../Engine/Plugins/Animation/ControlRig/Content/Controls/ControlRig_RoundedTriangle_1mm.ubulk" 388
"../../../Engine/Plugins/Animation/ControlRig/Content/Controls/ControlRig_RoundedTriangle_1mm.uasset" 389
"../../../Engine/Plugins/Animation/ControlRig/Content/Controls/ControlRig_RoundedTriangle_1mm.uexp" 390
"../../../Engine/Plugins/Animation/ControlRig/Content/Controls/ControlRig_RoundedSquare_solid.ubulk" 391
"../../../Engine/Plugins/Animation/ControlRig/Content/Controls/ControlRig_RoundedSquare_solid.uasset" 392
"../../../Engine/Plugins/Animation/ControlRig/Content/Controls/ControlRig_RoundedSquare_solid.uexp" 393
"../../../Engine/Plugins/Animation/ControlRig/Content/Controls/ControlRig_RoundedSquare_3mm.ubulk" 394
"../../../Engine/Plugins/Animation/ControlRig/Content/Controls/ControlRig_RoundedSquare_3mm.uasset" 395
"../../../Engine/Plugins/Animation/ControlRig/Content/Controls/ControlRig_RoundedSquare_3mm.uexp" 396
"../../../Engine/Plugins/Animation/ControlRig/Content/Controls/ControlRig_RoundedSquare_1mm.ubulk" 397
"../../../Engine/Plugins/Animation/ControlRig/Content/Controls/ControlRig_RoundedSquare_1mm.uasset" 398
"../../../Engine/Plugins/Animation/ControlRig/Content/Controls/ControlRig_RoundedSquare_1mm.uexp" 399
"../../../Engine/Plugins/Animation/ControlRig/Content/Controls/ControlRig_QuarterCircle_solid.ubulk" 400
"../../../Engine/Plugins/Animation/ControlRig/Content/Controls/ControlRig_QuarterCircle_solid.uasset" 401
"../../../Engine/Plugins/Animation/ControlRig/Content/Controls/ControlRig_QuarterCircle_solid.uexp" 402
"../../../Engine/Plugins/Animation/ControlRig/Content/Controls/ControlRig_QuarterCircle_3mm.ubulk" 403
"../../../Engine/Plugins/Animation/ControlRig/Content/Controls/ControlRig_QuarterCircle_3mm.uasset" 404
"../../../Engine/Plugins/Animation/ControlRig/Content/Controls/ControlRig_QuarterCircle_3mm.uexp" 405
"../../../Engine/Plugins/Animation/ControlRig/Content/Controls/ControlRig_QuarterCircle_1mm.ubulk" 406
"../../../Engine/Plugins/Animation/ControlRig/Content/Controls/ControlRig_QuarterCircle_1mm.uasset" 407
"../../../Engine/Plugins/Animation/ControlRig/Content/Controls/ControlRig_QuarterCircle_1mm.uexp" 408
"../../../Engine/Plugins/Animation/ControlRig/Content/Controls/ControlRig_Pyramid_solid.ubulk" 409
"../../../Engine/Plugins/Animation/ControlRig/Content/Controls/ControlRig_Pyramid_solid.uasset" 410
"../../../Engine/Plugins/Animation/ControlRig/Content/Controls/ControlRig_Pyramid_solid.uexp" 411
"../../../Engine/Plugins/Animation/ControlRig/Content/Controls/ControlRig_Pyramid_3mm.ubulk" 412
"../../../Engine/Plugins/Animation/ControlRig/Content/Controls/ControlRig_Pyramid_3mm.uasset" 413
"../../../Engine/Plugins/Animation/ControlRig/Content/Controls/ControlRig_Pyramid_3mm.uexp" 414
"../../../Engine/Plugins/Animation/ControlRig/Content/Controls/ControlRig_Pyramid_1mm.ubulk" 415
"../../../Engine/Plugins/Animation/ControlRig/Content/Controls/ControlRig_Pyramid_1mm.uasset" 416
"../../../Engine/Plugins/Animation/ControlRig/Content/Controls/ControlRig_Pyramid_1mm.uexp" 417
"../../../Engine/Plugins/Animation/ControlRig/Content/Controls/ControlRig_Octagon_solid.ubulk" 418
"../../../Engine/Plugins/Animation/ControlRig/Content/Controls/ControlRig_Octagon_solid.uasset" 419
"../../../Engine/Plugins/Animation/ControlRig/Content/Controls/ControlRig_Octagon_solid.uexp" 420
"../../../Engine/Plugins/Animation/ControlRig/Content/Controls/ControlRig_Octagon_3mm.ubulk" 421
"../../../Engine/Plugins/Animation/ControlRig/Content/Controls/ControlRig_Octagon_3mm.uasset" 422
"../../../Engine/Plugins/Animation/ControlRig/Content/Controls/ControlRig_Octagon_3mm.uexp" 423
"../../../Engine/Plugins/Animation/ControlRig/Content/Controls/ControlRig_Octagon_1mm.ubulk" 424
"../../../Engine/Plugins/Animation/ControlRig/Content/Controls/ControlRig_Octagon_1mm.uasset" 425
"../../../Engine/Plugins/Animation/ControlRig/Content/Controls/ControlRig_Octagon_1mm.uexp" 426
"../../../Engine/Plugins/Animation/ControlRig/Content/Controls/ControlRig_Hexagon_solid.ubulk" 427
"../../../Engine/Plugins/Animation/ControlRig/Content/Controls/ControlRig_Hexagon_solid.uasset" 428
"../../../Engine/Plugins/Animation/ControlRig/Content/Controls/ControlRig_Hexagon_solid.uexp" 429
"../../../Engine/Plugins/Animation/ControlRig/Content/Controls/ControlRig_Hexagon_3mm.ubulk" 430
"../../../Engine/Plugins/Animation/ControlRig/Content/Controls/ControlRig_Hexagon_3mm.uasset" 431
"../../../Engine/Plugins/Animation/ControlRig/Content/Controls/ControlRig_Hexagon_3mm.uexp" 432
"../../../Engine/Plugins/Animation/ControlRig/Content/Controls/ControlRig_Hexagon_1mm.ubulk" 433
"../../../Engine/Plugins/Animation/ControlRig/Content/Controls/ControlRig_Hexagon_1mm.uasset" 434
"../../../Engine/Plugins/Animation/ControlRig/Content/Controls/ControlRig_Hexagon_1mm.uexp" 435
"../../../Engine/Plugins/Animation/ControlRig/Content/Controls/ControlRig_HalfCircle_solid.ubulk" 436
"../../../Engine/Plugins/Animation/ControlRig/Content/Controls/ControlRig_HalfCircle_solid.uasset" 437
"../../../Engine/Plugins/Animation/ControlRig/Content/Controls/ControlRig_HalfCircle_solid.uexp" 438
"../../../Engine/Plugins/Animation/ControlRig/Content/Controls/ControlRig_HalfCircle_3mm.ubulk" 439
"../../../Engine/Plugins/Animation/ControlRig/Content/Controls/ControlRig_HalfCircle_3mm.uasset" 440
"../../../Engine/Plugins/Animation/ControlRig/Content/Controls/ControlRig_HalfCircle_3mm.uexp" 441
"../../../Engine/Plugins/Animation/ControlRig/Content/Controls/ControlRig_HalfCircle_1mm.ubulk" 442
"../../../Engine/Plugins/Animation/ControlRig/Content/Controls/ControlRig_HalfCircle_1mm.uasset" 443
"../../../Engine/Plugins/Animation/ControlRig/Content/Controls/ControlRig_HalfCircle_1mm.uexp" 444
"../../../Engine/Plugins/Animation/ControlRig/Content/Controls/ControlRig_Diamond_solid.ubulk" 445
"../../../Engine/Plugins/Animation/ControlRig/Content/Controls/ControlRig_Diamond_solid.uasset" 446
"../../../Engine/Plugins/Animation/ControlRig/Content/Controls/ControlRig_Diamond_solid.uexp" 447
"../../../Engine/Plugins/Animation/ControlRig/Content/Controls/ControlRig_Diamond_3mm.ubulk" 448
"../../../Engine/Plugins/Animation/ControlRig/Content/Controls/ControlRig_Diamond_3mm.uasset" 449
"../../../Engine/Plugins/Animation/ControlRig/Content/Controls/ControlRig_Diamond_3mm.uexp" 450
"../../../Engine/Plugins/Animation/ControlRig/Content/Controls/ControlRig_Diamond_1mm.ubulk" 451
"../../../Engine/Plugins/Animation/ControlRig/Content/Controls/ControlRig_Diamond_1mm.uasset" 452
"../../../Engine/Plugins/Animation/ControlRig/Content/Controls/ControlRig_Diamond_1mm.uexp" 453
"../../../Engine/Plugins/Animation/ControlRig/Content/Controls/ControlRig_Circle_solid.ubulk" 454
"../../../Engine/Plugins/Animation/ControlRig/Content/Controls/ControlRig_Circle_solid.uasset" 455
"../../../Engine/Plugins/Animation/ControlRig/Content/Controls/ControlRig_Circle_solid.uexp" 456
"../../../Engine/Plugins/Animation/ControlRig/Content/Controls/ControlRig_Circle_3mm.ubulk" 457
"../../../Engine/Plugins/Animation/ControlRig/Content/Controls/ControlRig_Circle_3mm.uasset" 458
"../../../Engine/Plugins/Animation/ControlRig/Content/Controls/ControlRig_Circle_3mm.uexp" 459
"../../../Engine/Plugins/Animation/ControlRig/Content/Controls/ControlRig_Circle_1mm.ubulk" 460
"../../../Engine/Plugins/Animation/ControlRig/Content/Controls/ControlRig_Circle_1mm.uasset" 461
"../../../Engine/Plugins/Animation/ControlRig/Content/Controls/ControlRig_Circle_1mm.uexp" 462
"../../../Engine/Plugins/Animation/ControlRig/Content/Controls/ControlRig_Box_solid.ubulk" 463
"../../../Engine/Plugins/Animation/ControlRig/Content/Controls/ControlRig_Box_solid.uasset" 464
"../../../Engine/Plugins/Animation/ControlRig/Content/Controls/ControlRig_Box_solid.uexp" 465
"../../../Engine/Plugins/Animation/ControlRig/Content/Controls/ControlRig_Box_3mm.ubulk" 466
"../../../Engine/Plugins/Animation/ControlRig/Content/Controls/ControlRig_Box_3mm.uasset" 467
"../../../Engine/Plugins/Animation/ControlRig/Content/Controls/ControlRig_Box_3mm.uexp" 468
"../../../Engine/Plugins/Animation/ControlRig/Content/Controls/ControlRig_Box_1mm.ubulk" 469
"../../../Engine/Plugins/Animation/ControlRig/Content/Controls/ControlRig_Box_1mm.uasset" 470
"../../../Engine/Plugins/Animation/ControlRig/Content/Controls/ControlRig_Box_1mm.uexp" 471
"../../../Engine/Plugins/Animation/ControlRig/Content/Controls/ControlRig_Arrow_solid.ubulk" 472
"../../../Engine/Plugins/Animation/ControlRig/Content/Controls/ControlRig_Arrow_solid.uasset" 473
"../../../Engine/Plugins/Animation/ControlRig/Content/Controls/ControlRig_Arrow_solid.uexp" 474
"../../../Engine/Plugins/Animation/ControlRig/Content/Controls/ControlRig_Arrow_3mm.ubulk" 475
"../../../Engine/Plugins/Animation/ControlRig/Content/Controls/ControlRig_Arrow_3mm.uasset" 476
"../../../Engine/Plugins/Animation/ControlRig/Content/Controls/ControlRig_Arrow_3mm.uexp" 477
"../../../Engine/Plugins/Animation/ControlRig/Content/Controls/ControlRig_Arrow_1mm.ubulk" 478
"../../../Engine/Plugins/Animation/ControlRig/Content/Controls/ControlRig_Arrow_1mm.uasset" 479
"../../../Engine/Plugins/Animation/ControlRig/Content/Controls/ControlRig_Arrow_1mm.uexp" 480
"../../../Engine/Plugins/Animation/ControlRig/Content/Controls/ControlRig_Arrow4_solid.ubulk" 481
"../../../Engine/Plugins/Animation/ControlRig/Content/Controls/ControlRig_Arrow4_solid.uasset" 482
"../../../Engine/Plugins/Animation/ControlRig/Content/Controls/ControlRig_Arrow4_solid.uexp" 483
"../../../Engine/Plugins/Animation/ControlRig/Content/Controls/ControlRig_Arrow4_3mm.ubulk" 484
"../../../Engine/Plugins/Animation/ControlRig/Content/Controls/ControlRig_Arrow4_3mm.uasset" 485
"../../../Engine/Plugins/Animation/ControlRig/Content/Controls/ControlRig_Arrow4_3mm.uexp" 486
"../../../Engine/Plugins/Animation/ControlRig/Content/Controls/ControlRig_Arrow4_1mm.ubulk" 487
"../../../Engine/Plugins/Animation/ControlRig/Content/Controls/ControlRig_Arrow4_1mm.uasset" 488
"../../../Engine/Plugins/Animation/ControlRig/Content/Controls/ControlRig_Arrow4_1mm.uexp" 489
"../../../Engine/Plugins/Animation/ControlRig/Content/Controls/ControlRig_Arrow2_solid.ubulk" 490
"../../../Engine/Plugins/Animation/ControlRig/Content/Controls/ControlRig_Arrow2_solid.uasset" 491
"../../../Engine/Plugins/Animation/ControlRig/Content/Controls/ControlRig_Arrow2_solid.uexp" 492
"../../../Engine/Plugins/Animation/ControlRig/Content/Controls/ControlRig_Arrow2_3mm.ubulk" 493
"../../../Engine/Plugins/Animation/ControlRig/Content/Controls/ControlRig_Arrow2_3mm.uasset" 494
"../../../Engine/Plugins/Animation/ControlRig/Content/Controls/ControlRig_Arrow2_3mm.uexp" 495
"../../../Engine/Plugins/Animation/ControlRig/Content/Controls/ControlRig_Arrow2_1mm.ubulk" 496
"../../../Engine/Plugins/Animation/ControlRig/Content/Controls/ControlRig_Arrow2_1mm.uasset" 497
"../../../Engine/Plugins/Animation/ControlRig/Content/Controls/ControlRig_Arrow2_1mm.uexp" 498
"../../../Engine/Plugins/Animation/ControlRig/Content/Controls/ControlRigXRayMaterial.uasset" 499
"../../../Engine/Plugins/Animation/ControlRig/Content/Controls/ControlRigXRayMaterial.uexp" 500
"../../../Engine/Plugins/Animation/ControlRig/Content/Controls/ControlRigGizmoMaterial.uasset" 501
"../../../Engine/Plugins/Animation/ControlRig/Content/Controls/ControlRigGizmoMaterial.uexp" 502
"../../../Engine/Content/MobileResources/HUD/VirtualJoystick_Background.uasset" 503
"../../../Engine/Content/MobileResources/HUD/VirtualJoystick_Background.uexp" 504
"../../../Engine/Content/MobileResources/HUD/VirtualJoystick_Thumb.uasset" 505
"../../../Engine/Content/MobileResources/HUD/VirtualJoystick_Thumb.uexp" 506
"../../../Engine/Content/MobileResources/HUD/DefaultVirtualJoysticks.uasset" 507
"../../../Engine/Content/MobileResources/HUD/DefaultVirtualJoysticks.uexp" 508
"../../../Engine/Content/EngineSounds/Master.uasset" 509
"../../../Engine/Content/EngineSounds/Master.uexp" 510
"../../../Engine/Content/EngineSky/VolumetricClouds/CloudWeatherTexture.uasset" 511
"../../../Engine/Content/EngineSky/VolumetricClouds/CloudWeatherTexture.uexp" 512
"../../../Engine/Content/Functions/Engine_MaterialFunctions02/Utility/MakeFloat2.uasset" 513
"../../../Engine/Content/Functions/Engine_MaterialFunctions02/Utility/MakeFloat2.uexp" 514
"../../../Engine/Content/EngineSky/VolumetricClouds/CloudGradientTexture.uasset" 515
"../../../Engine/Content/EngineSky/VolumetricClouds/CloudGradientTexture.uexp" 516
"../../../Engine/Content/EngineSky/VolumetricClouds/T_NoiseShape64.ubulk" 517
"../../../Engine/Content/EngineSky/VolumetricClouds/T_NoiseShape64.uasset" 518
"../../../Engine/Content/EngineSky/VolumetricClouds/T_NoiseShape64.uexp" 519
"../../../Engine/Content/EngineSky/VolumetricClouds/T_VolumeNoiseShape64.uasset" 520
"../../../Engine/Content/EngineSky/VolumetricClouds/T_VolumeNoiseShape64.uexp" 521
"../../../Engine/Content/EngineSky/VolumetricClouds/T_NoiseErosion.ubulk" 522
"../../../Engine/Content/EngineSky/VolumetricClouds/T_NoiseErosion.uasset" 523
"../../../Engine/Content/EngineSky/VolumetricClouds/T_NoiseErosion.uexp" 524
"../../../Engine/Content/EngineSky/VolumetricClouds/T_VolumeNoiseErosion32.uasset" 525
"../../../Engine/Content/EngineSky/VolumetricClouds/T_VolumeNoiseErosion32.uexp" 526
"../../../Engine/Content/EngineSky/VolumetricClouds/m_SimpleVolumetricCloud.uasset" 527
"../../../Engine/Content/EngineSky/VolumetricClouds/m_SimpleVolumetricCloud.uexp" 528
"../../../Engine/Content/EngineSky/VolumetricClouds/m_SimpleVolumetricCloud_Inst.uasset" 529
"../../../Engine/Content/EngineSky/VolumetricClouds/m_SimpleVolumetricCloud_Inst.uexp" 530
"../../../Engine/Content/EngineResources/FilmGrains/Marcie_Grain_v3_128_M2_000.uasset" 531
"../../../Engine/Content/EngineResources/FilmGrains/Marcie_Grain_v3_128_M2_000.uexp" 532
"../../../Engine/Content/EngineMaterials/RemoveSurfaceMaterial.uasset" 533
"../../../Engine/Content/EngineMaterials/RemoveSurfaceMaterial.uexp" 534
"../../../Engine/Content/EngineMaterials/DefaultCalibrationGrayscale.uasset" 535
"../../../Engine/Content/EngineMaterials/DefaultCalibrationGrayscale.uexp" 536
"../../../Engine/Content/EngineMaterials/PPM_DefaultCalibrationGrayscale.uasset" 537
"../../../Engine/Content/EngineMaterials/PPM_DefaultCalibrationGrayscale.uexp" 538
"../../../Engine/Content/EngineMaterials/DefaultCalibrationColor.uasset" 539
"../../../Engine/Content/EngineMaterials/DefaultCalibrationColor.uexp" 540
"../../../Engine/Content/EngineMaterials/PPM_DefaultCalibrationColor.uasset" 541
"../../../Engine/Content/EngineMaterials/PPM_DefaultCalibrationColor.uexp" 542
"../../../Engine/Content/EngineMaterials/PhAT_JointLimitMaterial.uasset" 543
"../../../Engine/Content/EngineMaterials/PhAT_JointLimitMaterial.uexp" 544
"../../../Engine/Content/EngineMaterials/NaniteHiddenSectionMaterial.uasset" 545
"../../../Engine/Content/EngineMaterials/NaniteHiddenSectionMaterial.uexp" 546
"../../../Engine/Content/EngineMaterials/InvalidLightmapSettings.ubulk" 547
"../../../Engine/Content/EngineMaterials/InvalidLightmapSettings.uasset" 548
"../../../Engine/Content/EngineMaterials/InvalidLightmapSettings.uexp" 549
"../../../Engine/Content/EngineMaterials/M_InvalidLightmapSettings.uasset" 550
"../../../Engine/Content/EngineMaterials/M_InvalidLightmapSettings.uexp" 551
"../../../Engine/Content/EngineMaterials/GizmoMaterial.uasset" 552
"../../../Engine/Content/EngineMaterials/GizmoMaterial.uexp" 553
"../../../Engine/Content/EngineMaterials/BaseFlattenEmissiveMap_VT.uasset" 554
"../../../Engine/Content/EngineMaterials/BaseFlattenEmissiveMap_VT.uexp" 555
"../../../Engine/Content/EngineMaterials/BaseFlattenGrayscaleMap_VT.uasset" 556
"../../../Engine/Content/EngineMaterials/BaseFlattenGrayscaleMap_VT.uexp" 557
"../../../Engine/Content/EngineMaterials/BaseFlattenLinearColor_VT.uasset" 558
"../../../Engine/Content/EngineMaterials/BaseFlattenLinearColor_VT.uexp" 559
"../../../Engine/Content/EngineMaterials/Black_1x1_EXR_Texture_VT.uasset" 560
"../../../Engine/Content/EngineMaterials/Black_1x1_EXR_Texture_VT.uexp" 561
"../../../Engine/Content/EngineMaterials/BaseFlattenDiffuseMap_VT.uasset" 562
"../../../Engine/Content/EngineMaterials/BaseFlattenDiffuseMap_VT.uexp" 563
"../../../Engine/Content/EngineMaterials/BaseFlattenNormalMap_VT.uasset" 564
"../../../Engine/Content/EngineMaterials/BaseFlattenNormalMap_VT.uexp" 565
"../../../Engine/Content/EngineMaterials/FlattenMaterial_WS_Normal_VT.uasset" 566
"../../../Engine/Content/EngineMaterials/FlattenMaterial_WS_Normal_VT.uexp" 567
"../../../Engine/Content/EngineMaterials/FlattenMaterial_VT.uasset" 568
"../../../Engine/Content/EngineMaterials/FlattenMaterial_VT.uexp" 569
"../../../Engine/Content/EngineMaterials/BaseFlattenNormalMap.uasset" 570
"../../../Engine/Content/EngineMaterials/BaseFlattenNormalMap.uexp" 571
"../../../Engine/Content/EngineMaterials/BaseFlattenGrayscaleMap.uasset" 572
"../../../Engine/Content/EngineMaterials/BaseFlattenGrayscaleMap.uexp" 573
"../../../Engine/Content/EngineMaterials/BaseFlattenDiffuseMap.uasset" 574
"../../../Engine/Content/EngineMaterials/BaseFlattenDiffuseMap.uexp" 575
"../../../Engine/Content/Functions/Engine_MaterialFunctions02/PivotPainter2/Black_1x1_EXR_Texture.uasset" 576
"../../../Engine/Content/Functions/Engine_MaterialFunctions02/PivotPainter2/Black_1x1_EXR_Texture.uexp" 577
"../../../Engine/Content/EngineMaterials/BaseFlattenEmissiveMap.uasset" 578
"../../../Engine/Content/EngineMaterials/BaseFlattenEmissiveMap.uexp" 579
"../../../Engine/Content/EngineMaterials/BaseFlattenLinearColor.uasset" 580
"../../../Engine/Content/EngineMaterials/BaseFlattenLinearColor.uexp" 581
"../../../Engine/Content/EngineMaterials/FlattenMaterial.uasset" 582
"../../../Engine/Content/EngineMaterials/FlattenMaterial.uexp" 583
"../../../Engine/Content/EngineMaterials/DefaultWhiteGrid_Low.uasset" 584
"../../../Engine/Content/EngineMaterials/DefaultWhiteGrid_Low.uexp" 585
"../../../Engine/Content/EngineMaterials/EmissiveMeshMaterial.uasset" 586
"../../../Engine/Content/EngineMaterials/EmissiveMeshMaterial.uexp" 587
"../../../Engine/Content/EngineFonts/RobotoDistanceField.uasset" 588
"../../../Engine/Content/EngineFonts/RobotoDistanceField.uexp" 589
"../../../Engine/Content/EngineMaterials/DefaultTextMaterialOpaque.uasset" 590
"../../../Engine/Content/EngineMaterials/DefaultTextMaterialOpaque.uexp" 591
"../../../Engine/Content/EngineMaterials/DefaultDiffuse.ubulk" 592
"../../../Engine/Content/EngineMaterials/DefaultDiffuse.uasset" 593
"../../../Engine/Content/EngineMaterials/DefaultDiffuse.uexp" 594
"../../../Engine/Content/Functions/Engine_MaterialFunctions02/Utility/BreakOutFloat2Components.uasset" 595
"../../../Engine/Content/Functions/Engine_MaterialFunctions02/Utility/BreakOutFloat2Components.uexp" 596
"../../../Engine/Content/EngineMaterials/DefaultPostProcessMaterial.uasset" 597
"../../../Engine/Content/EngineMaterials/DefaultPostProcessMaterial.uexp" 598
"../../../Engine/Content/EngineMaterials/DefaultPhysicalMaterial.uasset" 599
"../../../Engine/Content/EngineMaterials/DefaultPhysicalMaterial.uexp" 600
"../../../Engine/Content/EngineMaterials/DefaultLightFunctionMaterial.uasset" 601
"../../../Engine/Content/EngineMaterials/DefaultLightFunctionMaterial.uexp" 602
"../../../Engine/Content/EngineMaterials/DefaultDestructiblePhysicalMaterial.uasset" 603
"../../../Engine/Content/EngineMaterials/DefaultDestructiblePhysicalMaterial.uexp" 604
"../../../Engine/Content/EngineMaterials/DefaultDeferredDecalMaterial.uasset" 605
"../../../Engine/Content/EngineMaterials/DefaultDeferredDecalMaterial.uexp" 606
"../../../Engine/Content/EngineMaterials/DefaultBloomKernel.uasset" 607
"../../../Engine/Content/EngineMaterials/DefaultBloomKernel.uexp" 608
"../../../Engine/Content/EngineFonts/Faces/RobotoLight.uexp" 609
"../../../Engine/Content/EngineFonts/Faces/RobotoLight.uasset" 610
"../../../Engine/Content/EngineFonts/Faces/RobotoLight.ufont" 611
"../../../Engine/Content/EngineFonts/Faces/RobotoBold.uexp" 612
"../../../Engine/Content/EngineFonts/Faces/RobotoBold.uasset" 613
"../../../Engine/Content/EngineFonts/Faces/RobotoBold.ufont" 614
"../../../Engine/Content/EngineFonts/Faces/RobotoRegular.uexp" 615
"../../../Engine/Content/EngineFonts/Faces/RobotoRegular.uasset" 616
"../../../Engine/Content/EngineFonts/Faces/RobotoRegular.ufont" 617
"../../../Engine/Content/EngineFonts/Faces/DroidSansFallback.uexp" 618
"../../../Engine/Content/EngineFonts/Faces/DroidSansFallback.uasset" 619
"../../../Engine/Content/EngineFonts/Faces/DroidSansFallback.ufont" 620
"../../../Engine/Content/EngineFonts/Faces/RobotoItalic.uexp" 621
"../../../Engine/Content/EngineFonts/Faces/RobotoItalic.uasset" 622
"../../../Engine/Content/EngineFonts/Faces/RobotoItalic.ufont" 623
"../../../Engine/Content/EngineFonts/Faces/RobotoBoldItalic.uexp" 624
"../../../Engine/Content/EngineFonts/Faces/RobotoBoldItalic.uasset" 625
"../../../Engine/Content/EngineFonts/Faces/RobotoBoldItalic.ufont" 626
"../../../Engine/Content/EngineFonts/Roboto.uasset" 627
"../../../Engine/Content/EngineFonts/Roboto.uexp" 628
"../../../Engine/Content/Functions/Engine_MaterialFunctions02/Utility/CameraDirectionVector.uasset" 629
"../../../Engine/Content/Functions/Engine_MaterialFunctions02/Utility/CameraDirectionVector.uexp" 630
"../../../Engine/Content/EngineDebugMaterials/VolumeToRender.uasset" 631
"../../../Engine/Content/EngineDebugMaterials/VolumeToRender.uexp" 632
"../../../Engine/Content/EngineDebugMaterials/M_VolumeRenderSphereTracePP.uasset" 633
"../../../Engine/Content/EngineDebugMaterials/M_VolumeRenderSphereTracePP.uexp" 634
"../../../Engine/Content/EngineDebugMaterials/M_SimpleUnlitTranslucent.uasset" 635
"../../../Engine/Content/EngineDebugMaterials/M_SimpleUnlitTranslucent.uexp" 636
"../../../Engine/Content/EngineDebugMaterials/DebugMeshMaterial.uasset" 637
"../../../Engine/Content/EngineDebugMaterials/DebugMeshMaterial.uexp" 638
"../../../Engine/Content/EngineDebugMaterials/DebugEditorMaterial.uasset" 639
"../../../Engine/Content/EngineDebugMaterials/DebugEditorMaterial.uexp" 640
"../../../Engine/Content/EngineDamageTypes/DmgTypeBP_Environmental.uasset" 641
"../../../Engine/Content/EngineDamageTypes/DmgTypeBP_Environmental.uexp" 642
"../../../Engine/Content/EditorResources/S_Terrain.ubulk" 643
"../../../Engine/Content/EditorResources/S_Terrain.uasset" 644
"../../../Engine/Content/EditorResources/S_Terrain.uexp" 645
"../../../Engine/Content/EditorResources/EmptyActor.uasset" 646
"../../../Engine/Content/EditorResources/EmptyActor.uexp" 647
"../../../Engine/Content/EditorResources/BSPVertex.uasset" 648
"../../../Engine/Content/EditorResources/BSPVertex.uexp" 649
"../../../Engine/Content/EditorResources/SequenceRecorder/RecordingIndicator.uasset" 650
"../../../Engine/Content/EditorResources/SequenceRecorder/RecordingIndicator.uexp" 651
"../../../Engine/Content/EditorResources/SequenceRecorder/Countdown.uasset" 652
"../../../Engine/Content/EditorResources/SequenceRecorder/Countdown.uexp" 653
"../../../Engine/Content/Functions/Engine_MaterialFunctions01/Shading/PowerToRoughness.uasset" 654
"../../../Engine/Content/Functions/Engine_MaterialFunctions01/Shading/PowerToRoughness.uexp" 655
"../../../Engine/Content/Functions/Engine_MaterialFunctions01/Shading/ConvertFromDiffSpec.uasset" 656
"../../../Engine/Content/Functions/Engine_MaterialFunctions01/Shading/ConvertFromDiffSpec.uexp" 657
"../../../Engine/Content/EditorMaterials/PreviewShadowIndicator.ubulk" 658
"../../../Engine/Content/EditorMaterials/PreviewShadowIndicator.uasset" 659
"../../../Engine/Content/EditorMaterials/PreviewShadowIndicator.uexp" 660
"../../../Engine/Content/EditorMaterials/PreviewShadowIndicatorMaterial.uasset" 661
"../../../Engine/Content/EditorMaterials/PreviewShadowIndicatorMaterial.uexp" 662
"../../../Engine/Content/EditorMaterials/PhAT_UnselectedMaterial.uasset" 663
"../../../Engine/Content/EditorMaterials/PhAT_UnselectedMaterial.uexp" 664
"../../../Engine/Content/EditorMaterials/PhAT_NoCollisionMaterial.uasset" 665
"../../../Engine/Content/EditorMaterials/PhAT_NoCollisionMaterial.uexp" 666
"../../../Engine/Content/BasicShapes/Plane.ubulk" 667
"../../../Engine/Content/BasicShapes/Plane.uasset" 668
"../../../Engine/Content/BasicShapes/Plane.uexp" 669
"../../../Engine/Content/EngineMaterials/DefaultMaterial.uasset" 670
"../../../Engine/Content/EngineMaterials/DefaultMaterial.uexp" 671
"../../../Engine/Content/BasicShapes/Cone.ubulk" 672
"../../../Engine/Content/BasicShapes/Cone.uasset" 673
"../../../Engine/Content/BasicShapes/Cone.uexp" 674
"../../../Engine/Content/Maps/Entry_BuiltData.uasset" 675
"../../../Engine/Content/Maps/Entry_BuiltData.uexp" 676
"../../../Engine/Content/Maps/Entry.uexp" 677
"../../../Engine/Content/Maps/Entry.umap" 678
"../../../Engine/Content/EngineMaterials/BlendFunc_DefBlend.uasset" 679
"../../../Engine/Content/EngineMaterials/BlendFunc_DefBlend.uexp" 680
"../../../Engine/Content/EngineMaterials/BlendFunc_DefBase.uasset" 681
"../../../Engine/Content/EngineMaterials/BlendFunc_DefBase.uexp" 682
"../../../Engine/Content/Functions/Engine_MaterialFunctions03/Blends/Blend_Overlay.uasset" 683
"../../../Engine/Content/Functions/Engine_MaterialFunctions03/Blends/Blend_Overlay.uexp" 684
"../../../Engine/Content/OpenWorldTemplate/LandscapeMaterial/T_GridChecker_A.ubulk" 685
"../../../Engine/Content/OpenWorldTemplate/LandscapeMaterial/T_GridChecker_A.uasset" 686
"../../../Engine/Content/OpenWorldTemplate/LandscapeMaterial/T_GridChecker_A.uexp" 687
"../../../Engine/Content/Functions/Engine_MaterialFunctions02/Utility/MakeFloat3.uasset" 688
"../../../Engine/Content/Functions/Engine_MaterialFunctions02/Utility/MakeFloat3.uexp" 689
"../../../Engine/Content/Functions/Engine_MaterialFunctions01/Gradient/LinearGradient.uasset" 690
"../../../Engine/Content/Functions/Engine_MaterialFunctions01/Gradient/LinearGradient.uexp" 691
"../../../Engine/Content/Functions/Engine_MaterialFunctions01/ImageAdjustment/CheapContrast.uasset" 692
"../../../Engine/Content/Functions/Engine_MaterialFunctions01/ImageAdjustment/CheapContrast.uexp" 693
"../../../Engine/Content/OpenWorldTemplate/LandscapeMaterial/MF_ProcGrid.uasset" 694
"../../../Engine/Content/OpenWorldTemplate/LandscapeMaterial/MF_ProcGrid.uexp" 695
"../../../Engine/Content/OpenWorldTemplate/LandscapeMaterial/M_ProcGrid.uasset" 696
"../../../Engine/Content/OpenWorldTemplate/LandscapeMaterial/M_ProcGrid.uexp" 697
"../../../Engine/Content/OpenWorldTemplate/LandscapeMaterial/MI_ProcGrid.uasset" 698
"../../../Engine/Content/OpenWorldTemplate/LandscapeMaterial/MI_ProcGrid.uexp" 699
"../../../Engine/Content/EngineSky/T_Sky_Stars.ubulk" 700
"../../../Engine/Content/EngineSky/T_Sky_Stars.uasset" 701
"../../../Engine/Content/EngineSky/T_Sky_Stars.uexp" 702
"../../../Engine/Content/EngineSky/T_Sky_Clouds_M.ubulk" 703
"../../../Engine/Content/EngineSky/T_Sky_Clouds_M.uasset" 704
"../../../Engine/Content/EngineSky/T_Sky_Clouds_M.uexp" 705
"../../../Engine/Content/EngineSky/T_Sky_Blue.ubulk" 706
"../../../Engine/Content/EngineSky/T_Sky_Blue.uasset" 707
"../../../Engine/Content/EngineSky/T_Sky_Blue.uexp" 708
"../../../Engine/Content/EngineSky/M_Sky_Panning_Clouds2.uasset" 709
"../../../Engine/Content/EngineSky/M_Sky_Panning_Clouds2.uexp" 710
"../../../Engine/Content/EngineSky/SM_SkySphere.ubulk" 711
"../../../Engine/Content/EngineSky/SM_SkySphere.uasset" 712
"../../../Engine/Content/EngineSky/SM_SkySphere.uexp" 713
"../../../Engine/Content/MapTemplates/SM_Template_Map_Floor.ubulk" 714
"../../../Engine/Content/MapTemplates/SM_Template_Map_Floor.uasset" 715
"../../../Engine/Content/MapTemplates/SM_Template_Map_Floor.uexp" 716
"../../../Engine/Content/BasicShapes/Sphere.ubulk" 717
"../../../Engine/Content/BasicShapes/Sphere.uasset" 718
"../../../Engine/Content/BasicShapes/Sphere.uexp" 719
"../../../Engine/Content/BasicShapes/Cylinder.ubulk" 720
"../../../Engine/Content/BasicShapes/Cylinder.uasset" 721
"../../../Engine/Content/BasicShapes/Cylinder.uexp" 722
"../../../Engine/Content/MapTemplates/Materials/BasicAsset01.uasset" 723
"../../../Engine/Content/MapTemplates/Materials/BasicAsset01.uexp" 724
"C:/Users/JayBi/Documents/Game Dev/projects/Unreal Projects/Interactive_Explorer/Content/Blueprints/BP_Hazard.uasset" 725
"C:/Users/JayBi/Documents/Game Dev/projects/Unreal Projects/Interactive_Explorer/Content/Blueprints/BP_Hazard.uexp" 726
"../../../Engine/Content/MapTemplates/Materials/BasicAsset02.uasset" 727
"../../../Engine/Content/MapTemplates/Materials/BasicAsset02.uexp" 728
"../../../Engine/Content/BasicShapes/BasicShapeMaterial_Inst.uasset" 729
"../../../Engine/Content/BasicShapes/BasicShapeMaterial_Inst.uexp" 730
"C:/Users/JayBi/Documents/Game Dev/projects/Unreal Projects/Interactive_Explorer/Content/Blueprints/BP_Door.uasset" 731
"C:/Users/JayBi/Documents/Game Dev/projects/Unreal Projects/Interactive_Explorer/Content/Blueprints/BP_Door.uexp" 732
"../../../Engine/Content/EngineMaterials/T_Default_Material_Grid_M_Low.uasset" 733
"../../../Engine/Content/EngineMaterials/T_Default_Material_Grid_M_Low.uexp" 734
"../../../Engine/Content/EngineMaterials/T_Default_Material_Grid_N_Low.uasset" 735
"../../../Engine/Content/EngineMaterials/T_Default_Material_Grid_N_Low.uexp" 736
"../../../Engine/Content/EngineMaterials/WorldGridMaterial_Low.uasset" 737
"../../../Engine/Content/EngineMaterials/WorldGridMaterial_Low.uexp" 738
"../../../Engine/Content/EngineSky/M_SimpleSkyDome.uasset" 739
"../../../Engine/Content/EngineSky/M_SimpleSkyDome.uexp" 740
"C:/Users/JayBi/Documents/Game Dev/projects/Unreal Projects/Interactive_Explorer/Content/Maps/MAP_GameStart.uexp" 741
"C:/Users/JayBi/Documents/Game Dev/projects/Unreal Projects/Interactive_Explorer/Content/Maps/MAP_GameStart.umap" 742
